{
  "RSpec": {
    "coverage": {
      "/Users/robertjones/Projects/bookmark-manager/spec/features/add_tag_spec.rb": [
        1,
        1,
        1,
        1,
        1,
        1,
        1,
        null,
        1,
        null,
        1,
        1,
        null,
        null,
        null
      ],
      "/Users/robertjones/Projects/bookmark-manager/spec/features/adds_a_bookmark_spec.rb": [
        1,
        1,
        1,
        1,
        1,
        1,
        null,
        1,
        null,
        1,
        1,
        null,
        null,
        null
      ],
      "/Users/robertjones/Projects/bookmark-manager/spec/features/filters_links_by_tag_spec.rb": [
        1,
        1,
        1,
        1,
        1,
        null,
        null,
        1,
        1,
        1,
        0,
        0,
        0,
        null,
        null,
        null
      ],
      "/Users/robertjones/Projects/bookmark-manager/spec/features/viewing_links_spec.rb": [
        1,
        1,
        1,
        1,
        null,
        1,
        1,
        null,
        null,
        null
      ]
    },
    "timestamp": 1493913706
  }
}
