{
  "RSpec": {
    "coverage": {
      "/Users/milesillsley/Projects/bookmark-manager-miles/spec/features/add_tag_spec.rb": [
        1,
        1,
        1,
        1,
        1,
        1,
        1,
        null,
        1,
        null,
        1,
        1,
        null,
        null,
        null,
        1,
        1,
        1,
        1,
        1,
        1,
        null,
        1,
        1,
        null,
        null
      ],
      "/Users/milesillsley/Projects/bookmark-manager-miles/spec/features/adds_a_bookmark_spec.rb": [
        1,
        1,
        1,
        1,
        1,
        1,
        null,
        1,
        null,
        1,
        1,
        null,
        null,
        null
      ],
      "/Users/milesillsley/Projects/bookmark-manager-miles/spec/features/filters_links_by_tag_spec.rb": [
        1,
        1,
        2,
        2,
        2,
        null,
        null,
        1,
        1,
        1,
        1,
        1,
        1,
        1,
        null,
        null,
        null,
        1,
        1,
        1,
        1,
        1,
        1,
        1,
        null,
        null,
        null
      ],
      "/Users/milesillsley/Projects/bookmark-manager-miles/spec/features/register_spec.rb": [
        null,
        1,
        1,
        4,
        1,
        1,
        1,
        null,
        null
      ],
      "/Users/milesillsley/Projects/bookmark-manager-miles/spec/features/viewing_links_spec.rb": [
        1,
        1,
        1,
        1,
        null,
        1,
        1,
        null,
        null,
        null
      ]
    },
    "timestamp": 1493994489
  }
}
